<?xml version="1.0" encoding="UTF-8"?>
<testsuite name="baseline.ApplicationControllerTest" tests="2" skipped="0" failures="0" errors="0" timestamp="2021-11-08T03:27:52" hostname="LAPTOP-TC7NUATS" time="1.166">
  <properties/>
  <testcase name="LoadDataFileTest()" classname="baseline.ApplicationControllerTest" time="0.966"/>
  <testcase name="createItemTest()" classname="baseline.ApplicationControllerTest" time="0.193"/>
  <system-out><![CDATA[]]></system-out>
  <system-err><![CDATA[]]></system-err>
</testsuite>
